# JRE version: OpenJDK Runtime Environment (17.0.4.1+1) (build 17.0.4.1+1-LTS)
# Java VM: OpenJDK 64-Bit Server VM (17.0.4.1+1-LTS, mixed mode, sharing, tiered, compressed oops, compressed class ptrs, g1 gc, windows-amd64)
GC Precious Log:
 CPUs: 8 total, 8 available
 Memory: 32640M
 Large Page Support: Disabled
 NUMA Support: Disabled
 Compressed Oops: Enabled (Zero based)
 Heap Region Size: 4M
 Heap Min Capacity: 8M
 Heap Initial Capacity: 512M
 Heap Max Capacity: 8164M
 Pre-touch: Disabled
 Parallel Workers: 8
 Concurrent Workers: 2
 Concurrent Refinement Workers: 8
 Periodic GC: Disabled
Heap:
 garbage-first heap   total 299008K, used 138956K [0x0000000601c00000, 0x0000000800000000)
  region size 4096K, 31 young (126976K), 1 survivors (4096K)
 Metaspace       used 55890K, committed 56448K, reserved 1105920K
  class space    used 7670K, committed 7936K, reserved 1048576K
GC Heap History (20 events):
Event: 1.147 GC heap before
{Heap before GC invocations=0 (full 0):
 garbage-first heap   total 524288K, used 24576K [0x0000000601c00000, 0x0000000800000000)
  region size 4096K, 6 young (24576K), 0 survivors (0K)
 Metaspace       used 6443K, committed 6656K, reserved 1056768K
  class space    used 731K, committed 832K, reserved 1048576K
}
Event: 1.151 GC heap after
{Heap after GC invocations=1 (full 0):
 garbage-first heap   total 524288K, used 6767K [0x0000000601c00000, 0x0000000800000000)
  region size 4096K, 1 young (4096K), 1 survivors (4096K)
 Metaspace       used 6443K, committed 6656K, reserved 1056768K
  class space    used 731K, committed 832K, reserved 1048576K
}
Event: 1.443 GC heap before
{Heap before GC invocations=1 (full 0):
 garbage-first heap   total 524288K, used 27247K [0x0000000601c00000, 0x0000000800000000)
  region size 4096K, 6 young (24576K), 1 survivors (4096K)
 Metaspace       used 10150K, committed 10304K, reserved 1064960K
  class space    used 1271K, committed 1344K, reserved 1048576K
}
Event: 1.446 GC heap after
{Heap after GC invocations=2 (full 0):
 garbage-first heap   total 524288K, used 8537K [0x0000000601c00000, 0x0000000800000000)
  region size 4096K, 1 young (4096K), 1 survivors (4096K)
 Metaspace       used 10150K, committed 10304K, reserved 1064960K
  class space    used 1271K, committed 1344K, reserved 1048576K
}
Event: 2.071 GC heap before
{Heap before GC invocations=2 (full 0):
 garbage-first heap   total 524288K, used 82265K [0x0000000601c00000, 0x0000000800000000)
  region size 4096K, 19 young (77824K), 1 survivors (4096K)
 Metaspace       used 19760K, committed 20096K, reserved 1073152K
  class space    used 2574K, committed 2688K, reserved 1048576K
}
Event: 2.074 GC heap after
{Heap after GC invocations=3 (full 0):
 garbage-first heap   total 524288K, used 13086K [0x0000000601c00000, 0x0000000800000000)
  region size 4096K, 2 young (8192K), 2 survivors (8192K)
 Metaspace       used 19760K, committed 20096K, reserved 1073152K
  class space    used 2574K, committed 2688K, reserved 1048576K
}
Event: 2.186 GC heap before
{Heap before GC invocations=3 (full 0):
 garbage-first heap   total 524288K, used 25374K [0x0000000601c00000, 0x0000000800000000)
  region size 4096K, 6 young (24576K), 2 survivors (8192K)
 Metaspace       used 21184K, committed 21504K, reserved 1073152K
  class space    used 2773K, committed 2944K, reserved 1048576K
}
Event: 2.189 GC heap after
{Heap after GC invocations=4 (full 0):
 garbage-first heap   total 524288K, used 13949K [0x0000000601c00000, 0x0000000800000000)
  region size 4096K, 2 young (8192K), 2 survivors (8192K)
 Metaspace       used 21184K, committed 21504K, reserved 1073152K
  class space    used 2773K, committed 2944K, reserved 1048576K
}
Event: 2.553 GC heap before
{Heap before GC invocations=5 (full 0):
 garbage-first heap   total 69632K, used 46717K [0x0000000601c00000, 0x0000000800000000)
  region size 4096K, 11 young (45056K), 2 survivors (8192K)
 Metaspace       used 25531K, committed 25984K, reserved 1073152K
  class space    used 3466K, committed 3648K, reserved 1048576K
}
Event: 2.558 GC heap after
{Heap after GC invocations=6 (full 0):
 garbage-first heap   total 69632K, used 16751K [0x0000000601c00000, 0x0000000800000000)
  region size 4096K, 3 young (12288K), 3 survivors (12288K)
 Metaspace       used 25531K, committed 25984K, reserved 1073152K
  class space    used 3466K, committed 3648K, reserved 1048576K
}
Event: 2.601 GC heap before
{Heap before GC invocations=6 (full 0):
 garbage-first heap   total 69632K, used 20847K [0x0000000601c00000, 0x0000000800000000)
  region size 4096K, 4 young (16384K), 3 survivors (12288K)
 Metaspace       used 26301K, committed 26752K, reserved 1073152K
  class space    used 3539K, committed 3776K, reserved 1048576K
}
Event: 2.606 GC heap after
{Heap after GC invocations=7 (full 0):
 garbage-first heap   total 69632K, used 17877K [0x0000000601c00000, 0x0000000800000000)
  region size 4096K, 1 young (4096K), 1 survivors (4096K)
 Metaspace       used 26301K, committed 26752K, reserved 1073152K
  class space    used 3539K, committed 3776K, reserved 1048576K
}
Event: 2.927 GC heap before
{Heap before GC invocations=7 (full 0):
 garbage-first heap   total 69632K, used 42453K [0x0000000601c00000, 0x0000000800000000)
  region size 4096K, 8 young (32768K), 1 survivors (4096K)
 Metaspace       used 30344K, committed 30848K, reserved 1081344K
  class space    used 4090K, committed 4352K, reserved 1048576K
}
Event: 2.929 GC heap after
{Heap after GC invocations=8 (full 0):
 garbage-first heap   total 69632K, used 18332K [0x0000000601c00000, 0x0000000800000000)
  region size 4096K, 1 young (4096K), 1 survivors (4096K)
 Metaspace       used 30344K, committed 30848K, reserved 1081344K
  class space    used 4090K, committed 4352K, reserved 1048576K
}
Event: 3.179 GC heap before
{Heap before GC invocations=8 (full 0):
 garbage-first heap   total 69632K, used 47004K [0x0000000601c00000, 0x0000000800000000)
  region size 4096K, 8 young (32768K), 1 survivors (4096K)
 Metaspace       used 35554K, committed 36096K, reserved 1081344K
  class space    used 4845K, committed 5120K, reserved 1048576K
}
Event: 3.182 GC heap after
{Heap after GC invocations=9 (full 0):
 garbage-first heap   total 69632K, used 19208K [0x0000000601c00000, 0x0000000800000000)
  region size 4096K, 1 young (4096K), 1 survivors (4096K)
 Metaspace       used 35554K, committed 36096K, reserved 1081344K
  class space    used 4845K, committed 5120K, reserved 1048576K
}
Event: 3.185 GC heap before
{Heap before GC invocations=9 (full 0):
 garbage-first heap   total 69632K, used 19208K [0x0000000601c00000, 0x0000000800000000)
  region size 4096K, 2 young (8192K), 1 survivors (4096K)
 Metaspace       used 35588K, committed 36096K, reserved 1081344K
  class space    used 4851K, committed 5120K, reserved 1048576K
}
Event: 3.187 GC heap after
{Heap after GC invocations=10 (full 0):
 garbage-first heap   total 69632K, used 19369K [0x0000000601c00000, 0x0000000800000000)
  region size 4096K, 1 young (4096K), 1 survivors (4096K)
 Metaspace       used 35588K, committed 36096K, reserved 1081344K
  class space    used 4851K, committed 5120K, reserved 1048576K
}
Event: 3.465 GC heap before
{Heap before GC invocations=11 (full 0):
 garbage-first heap   total 69632K, used 48041K [0x0000000601c00000, 0x0000000800000000)
  region size 4096K, 8 young (32768K), 1 survivors (4096K)
 Metaspace       used 41531K, committed 41984K, reserved 1089536K
  class space    used 5609K, committed 5824K, reserved 1048576K
}
Event: 3.468 GC heap after
{Heap after GC invocations=12 (full 0):
 garbage-first heap   total 299008K, used 20172K [0x0000000601c00000, 0x0000000800000000)
  region size 4096K, 1 young (4096K), 1 survivors (4096K)
 Metaspace       used 41531K, committed 41984K, reserved 1089536K
  class space    used 5609K, committed 5824K, reserved 1048576K
}

